c:\users\windows 7\desktop\juego-37c648444edcb122070bc13416c275a0e4fa2517\tmp\debug\vc120.pdb
c:\users\windows 7\desktop\juego-37c648444edcb122070bc13416c275a0e4fa2517\tmp\debug\vc120.idb
c:\users\windows 7\desktop\juego-37c648444edcb122070bc13416c275a0e4fa2517\tmp\debug\vector2d.obj
c:\users\windows 7\desktop\juego-37c648444edcb122070bc13416c275a0e4fa2517\tmp\debug\balon.obj
c:\users\windows 7\desktop\juego-37c648444edcb122070bc13416c275a0e4fa2517\tmp\debug\bonus.obj
c:\users\windows 7\desktop\juego-37c648444edcb122070bc13416c275a0e4fa2517\tmp\debug\campo.obj
c:\users\windows 7\desktop\juego-37c648444edcb122070bc13416c275a0e4fa2517\tmp\debug\hombre.obj
c:\users\windows 7\desktop\juego-37c648444edcb122070bc13416c275a0e4fa2517\tmp\debug\interaccion.obj
c:\users\windows 7\desktop\juego-37c648444edcb122070bc13416c275a0e4fa2517\tmp\debug\pared.obj
c:\users\windows 7\desktop\juego-37c648444edcb122070bc13416c275a0e4fa2517\tmp\debug\juego.obj
c:\users\windows 7\desktop\juego-37c648444edcb122070bc13416c275a0e4fa2517\tmp\debug\mundo.obj
c:\users\windows 7\desktop\juego-37c648444edcb122070bc13416c275a0e4fa2517\tmp\debug\objetomovil.obj
c:\users\windows 7\desktop\juego-37c648444edcb122070bc13416c275a0e4fa2517\tmp\debug\bonusespecial.obj
c:\users\windows 7\desktop\juego-37c648444edcb122070bc13416c275a0e4fa2517\tmp\debug\bonusnormal.obj
c:\users\windows 7\desktop\juego-37c648444edcb122070bc13416c275a0e4fa2517\bin\juego.pdb
c:\users\windows 7\desktop\juego-37c648444edcb122070bc13416c275a0e4fa2517\tmp\debug\juego.tlog\cl.command.1.tlog
c:\users\windows 7\desktop\juego-37c648444edcb122070bc13416c275a0e4fa2517\tmp\debug\juego.tlog\cl.read.1.tlog
c:\users\windows 7\desktop\juego-37c648444edcb122070bc13416c275a0e4fa2517\tmp\debug\juego.tlog\cl.write.1.tlog
c:\users\windows 7\desktop\juego-37c648444edcb122070bc13416c275a0e4fa2517\tmp\debug\juego.tlog\link.3780-cvtres.read.1.tlog
c:\users\windows 7\desktop\juego-37c648444edcb122070bc13416c275a0e4fa2517\tmp\debug\juego.tlog\link.3780-cvtres.write.1.tlog
c:\users\windows 7\desktop\juego-37c648444edcb122070bc13416c275a0e4fa2517\tmp\debug\juego.tlog\link.3780-rc.read.1.tlog
c:\users\windows 7\desktop\juego-37c648444edcb122070bc13416c275a0e4fa2517\tmp\debug\juego.tlog\link.3780-rc.write.1.tlog
c:\users\windows 7\desktop\juego-37c648444edcb122070bc13416c275a0e4fa2517\tmp\debug\juego.tlog\link.3780.read.1.tlog
c:\users\windows 7\desktop\juego-37c648444edcb122070bc13416c275a0e4fa2517\tmp\debug\juego.tlog\link.3780.write.1.tlog
c:\users\windows 7\desktop\juego-37c648444edcb122070bc13416c275a0e4fa2517\tmp\debug\juego.tlog\link.command.1.tlog
c:\users\windows 7\desktop\juego-37c648444edcb122070bc13416c275a0e4fa2517\tmp\debug\juego.tlog\link.read.1.tlog
c:\users\windows 7\desktop\juego-37c648444edcb122070bc13416c275a0e4fa2517\tmp\debug\juego.tlog\link.write.1.tlog
