Compilación iniciada a las 5/8/2016 10:19:25 PM.
     1>Proyecto "C:\Users\Aaron\Desktop\2016\Practicas\Juego\Pang.vcxproj" en el nodo 2 (Build destinos).
     1>C:\Program Files (x86)\MSBuild\Microsoft.Cpp\v4.0\V120\Microsoft.CppBuild.targets(381,5): warning MSB8028: The intermediate directory (tmp\Debug\) contains files shared from another project (Pang.vcxproj).  This can lead to incorrect clean and rebuild behavior.
     1>ClCompile:
         C:\Program Files (x86)\Microsoft Visual Studio 12.0\VC\bin\CL.exe /c /Ilib /Isrc /ZI /nologo /W3 /WX- /Od /Oy- /D WIN32 /D _DEBUG /D _CONSOLE /D _UNICODE /D UNICODE /Gm /EHsc /RTC1 /MDd /GS /fp:precise /Zc:wchar_t /Zc:forScope /Fo"tmp\Debug\\" /Fd"tmp\Debug\vc120.pdb" /Gd /TP /analyze- /errorReport:prompt src\dominio\Balon.cpp src\dominio\Bonus.cpp src\dominio\Campo.cpp src\dominio\Hombre.cpp src\dominio\Pared.cpp src\juego\Juego.cpp src\juego\Mundo.cpp
         Pared.cpp
         Campo.cpp
     1>c:\users\aaron\desktop\2016\practicas\juego\src\dominio\campo.cpp(6): error C2248: 'Pared::limite1' : no se puede obtener acceso al miembro private miembro declarado en la clase 'Pared'
                 c:\users\aaron\desktop\2016\practicas\juego\include\dominio\pared.h(9) : vea la declaración de 'Pared::limite1'
                 c:\users\aaron\desktop\2016\practicas\juego\include\dominio\pared.h(5) : vea la declaración de 'Pared'
     1>c:\users\aaron\desktop\2016\practicas\juego\src\dominio\campo.cpp(7): error C2248: 'Pared::limite2' : no se puede obtener acceso al miembro private miembro declarado en la clase 'Pared'
                 c:\users\aaron\desktop\2016\practicas\juego\include\dominio\pared.h(9) : vea la declaración de 'Pared::limite2'
                 c:\users\aaron\desktop\2016\practicas\juego\include\dominio\pared.h(5) : vea la declaración de 'Pared'
     1>c:\users\aaron\desktop\2016\practicas\juego\src\dominio\campo.cpp(8): error C2248: 'Pared::limite1' : no se puede obtener acceso al miembro private miembro declarado en la clase 'Pared'
                 c:\users\aaron\desktop\2016\practicas\juego\include\dominio\pared.h(9) : vea la declaración de 'Pared::limite1'
                 c:\users\aaron\desktop\2016\practicas\juego\include\dominio\pared.h(5) : vea la declaración de 'Pared'
     1>c:\users\aaron\desktop\2016\practicas\juego\src\dominio\campo.cpp(9): error C2248: 'Pared::limite2' : no se puede obtener acceso al miembro private miembro declarado en la clase 'Pared'
                 c:\users\aaron\desktop\2016\practicas\juego\include\dominio\pared.h(9) : vea la declaración de 'Pared::limite2'
                 c:\users\aaron\desktop\2016\practicas\juego\include\dominio\pared.h(5) : vea la declaración de 'Pared'
     1>c:\users\aaron\desktop\2016\practicas\juego\src\dominio\campo.cpp(13): error C2248: 'Pared::limite1' : no se puede obtener acceso al miembro private miembro declarado en la clase 'Pared'
                 c:\users\aaron\desktop\2016\practicas\juego\include\dominio\pared.h(9) : vea la declaración de 'Pared::limite1'
                 c:\users\aaron\desktop\2016\practicas\juego\include\dominio\pared.h(5) : vea la declaración de 'Pared'
     1>c:\users\aaron\desktop\2016\practicas\juego\src\dominio\campo.cpp(14): error C2248: 'Pared::limite2' : no se puede obtener acceso al miembro private miembro declarado en la clase 'Pared'
                 c:\users\aaron\desktop\2016\practicas\juego\include\dominio\pared.h(9) : vea la declaración de 'Pared::limite2'
                 c:\users\aaron\desktop\2016\practicas\juego\include\dominio\pared.h(5) : vea la declaración de 'Pared'
     1>c:\users\aaron\desktop\2016\practicas\juego\src\dominio\campo.cpp(15): error C2248: 'Pared::limite1' : no se puede obtener acceso al miembro private miembro declarado en la clase 'Pared'
                 c:\users\aaron\desktop\2016\practicas\juego\include\dominio\pared.h(9) : vea la declaración de 'Pared::limite1'
                 c:\users\aaron\desktop\2016\practicas\juego\include\dominio\pared.h(5) : vea la declaración de 'Pared'
     1>c:\users\aaron\desktop\2016\practicas\juego\src\dominio\campo.cpp(16): error C2248: 'Pared::limite2' : no se puede obtener acceso al miembro private miembro declarado en la clase 'Pared'
                 c:\users\aaron\desktop\2016\practicas\juego\include\dominio\pared.h(9) : vea la declaración de 'Pared::limite2'
                 c:\users\aaron\desktop\2016\practicas\juego\include\dominio\pared.h(5) : vea la declaración de 'Pared'
     1>c:\users\aaron\desktop\2016\practicas\juego\src\dominio\campo.cpp(19): error C2248: 'Pared::limite1' : no se puede obtener acceso al miembro private miembro declarado en la clase 'Pared'
                 c:\users\aaron\desktop\2016\practicas\juego\include\dominio\pared.h(9) : vea la declaración de 'Pared::limite1'
                 c:\users\aaron\desktop\2016\practicas\juego\include\dominio\pared.h(5) : vea la declaración de 'Pared'
     1>c:\users\aaron\desktop\2016\practicas\juego\src\dominio\campo.cpp(20): error C2248: 'Pared::limite2' : no se puede obtener acceso al miembro private miembro declarado en la clase 'Pared'
                 c:\users\aaron\desktop\2016\practicas\juego\include\dominio\pared.h(9) : vea la declaración de 'Pared::limite2'
                 c:\users\aaron\desktop\2016\practicas\juego\include\dominio\pared.h(5) : vea la declaración de 'Pared'
     1>c:\users\aaron\desktop\2016\practicas\juego\src\dominio\campo.cpp(21): error C2248: 'Pared::limite1' : no se puede obtener acceso al miembro private miembro declarado en la clase 'Pared'
                 c:\users\aaron\desktop\2016\practicas\juego\include\dominio\pared.h(9) : vea la declaración de 'Pared::limite1'
                 c:\users\aaron\desktop\2016\practicas\juego\include\dominio\pared.h(5) : vea la declaración de 'Pared'
     1>c:\users\aaron\desktop\2016\practicas\juego\src\dominio\campo.cpp(22): error C2248: 'Pared::limite2' : no se puede obtener acceso al miembro private miembro declarado en la clase 'Pared'
                 c:\users\aaron\desktop\2016\practicas\juego\include\dominio\pared.h(9) : vea la declaración de 'Pared::limite2'
                 c:\users\aaron\desktop\2016\practicas\juego\include\dominio\pared.h(5) : vea la declaración de 'Pared'
     1>c:\users\aaron\desktop\2016\practicas\juego\src\dominio\campo.cpp(25): error C2248: 'Pared::limite1' : no se puede obtener acceso al miembro private miembro declarado en la clase 'Pared'
                 c:\users\aaron\desktop\2016\practicas\juego\include\dominio\pared.h(9) : vea la declaración de 'Pared::limite1'
                 c:\users\aaron\desktop\2016\practicas\juego\include\dominio\pared.h(5) : vea la declaración de 'Pared'
     1>c:\users\aaron\desktop\2016\practicas\juego\src\dominio\campo.cpp(26): error C2248: 'Pared::limite2' : no se puede obtener acceso al miembro private miembro declarado en la clase 'Pared'
                 c:\users\aaron\desktop\2016\practicas\juego\include\dominio\pared.h(9) : vea la declaración de 'Pared::limite2'
                 c:\users\aaron\desktop\2016\practicas\juego\include\dominio\pared.h(5) : vea la declaración de 'Pared'
     1>c:\users\aaron\desktop\2016\practicas\juego\src\dominio\campo.cpp(27): error C2248: 'Pared::limite1' : no se puede obtener acceso al miembro private miembro declarado en la clase 'Pared'
                 c:\users\aaron\desktop\2016\practicas\juego\include\dominio\pared.h(9) : vea la declaración de 'Pared::limite1'
                 c:\users\aaron\desktop\2016\practicas\juego\include\dominio\pared.h(5) : vea la declaración de 'Pared'
     1>c:\users\aaron\desktop\2016\practicas\juego\src\dominio\campo.cpp(28): error C2248: 'Pared::limite2' : no se puede obtener acceso al miembro private miembro declarado en la clase 'Pared'
                 c:\users\aaron\desktop\2016\practicas\juego\include\dominio\pared.h(9) : vea la declaración de 'Pared::limite2'
                 c:\users\aaron\desktop\2016\practicas\juego\include\dominio\pared.h(5) : vea la declaración de 'Pared'
     1>c:\users\aaron\desktop\2016\practicas\juego\src\dominio\campo.cpp(32): error C2248: 'Pared::limite1' : no se puede obtener acceso al miembro private miembro declarado en la clase 'Pared'
                 c:\users\aaron\desktop\2016\practicas\juego\include\dominio\pared.h(9) : vea la declaración de 'Pared::limite1'
                 c:\users\aaron\desktop\2016\practicas\juego\include\dominio\pared.h(5) : vea la declaración de 'Pared'
     1>c:\users\aaron\desktop\2016\practicas\juego\src\dominio\campo.cpp(33): error C2248: 'Pared::limite2' : no se puede obtener acceso al miembro private miembro declarado en la clase 'Pared'
                 c:\users\aaron\desktop\2016\practicas\juego\include\dominio\pared.h(9) : vea la declaración de 'Pared::limite2'
                 c:\users\aaron\desktop\2016\practicas\juego\include\dominio\pared.h(5) : vea la declaración de 'Pared'
     1>c:\users\aaron\desktop\2016\practicas\juego\src\dominio\campo.cpp(34): error C2248: 'Pared::limite1' : no se puede obtener acceso al miembro private miembro declarado en la clase 'Pared'
                 c:\users\aaron\desktop\2016\practicas\juego\include\dominio\pared.h(9) : vea la declaración de 'Pared::limite1'
                 c:\users\aaron\desktop\2016\practicas\juego\include\dominio\pared.h(5) : vea la declaración de 'Pared'
     1>c:\users\aaron\desktop\2016\practicas\juego\src\dominio\campo.cpp(35): error C2248: 'Pared::limite2' : no se puede obtener acceso al miembro private miembro declarado en la clase 'Pared'
                 c:\users\aaron\desktop\2016\practicas\juego\include\dominio\pared.h(9) : vea la declaración de 'Pared::limite2'
                 c:\users\aaron\desktop\2016\practicas\juego\include\dominio\pared.h(5) : vea la declaración de 'Pared'
     1>c:\users\aaron\desktop\2016\practicas\juego\src\dominio\campo.cpp(36): error C2660: 'Pared::SetColor' : la función no acepta 2 argumentos
         Generando código...
         Compilando...
         Balon.cpp
         Generando código...
         Compilando...
         Mundo.cpp
     1>c:\users\aaron\desktop\2016\practicas\juego\src\juego\mundo.cpp(43): error C2248: 'Hombre::posicion' : no se puede obtener acceso al miembro private miembro declarado en la clase 'Hombre'
                 c:\users\aaron\desktop\2016\practicas\juego\include\dominio\hombre.h(10) : vea la declaración de 'Hombre::posicion'
                 c:\users\aaron\desktop\2016\practicas\juego\include\dominio\hombre.h(5) : vea la declaración de 'Hombre'
     1>c:\users\aaron\desktop\2016\practicas\juego\src\juego\mundo.cpp(44): error C2248: 'Hombre::posicion' : no se puede obtener acceso al miembro private miembro declarado en la clase 'Hombre'
                 c:\users\aaron\desktop\2016\practicas\juego\include\dominio\hombre.h(10) : vea la declaración de 'Hombre::posicion'
                 c:\users\aaron\desktop\2016\practicas\juego\include\dominio\hombre.h(5) : vea la declaración de 'Hombre'
     1>c:\users\aaron\desktop\2016\practicas\juego\src\juego\mundo.cpp(46): error C2248: 'Hombre::posicion' : no se puede obtener acceso al miembro private miembro declarado en la clase 'Hombre'
                 c:\users\aaron\desktop\2016\practicas\juego\include\dominio\hombre.h(10) : vea la declaración de 'Hombre::posicion'
                 c:\users\aaron\desktop\2016\practicas\juego\include\dominio\hombre.h(5) : vea la declaración de 'Hombre'
     1>c:\users\aaron\desktop\2016\practicas\juego\src\juego\mundo.cpp(47): error C2248: 'Hombre::posicion' : no se puede obtener acceso al miembro private miembro declarado en la clase 'Hombre'
                 c:\users\aaron\desktop\2016\practicas\juego\include\dominio\hombre.h(10) : vea la declaración de 'Hombre::posicion'
                 c:\users\aaron\desktop\2016\practicas\juego\include\dominio\hombre.h(5) : vea la declaración de 'Hombre'
     1>c:\users\aaron\desktop\2016\practicas\juego\src\juego\mundo.cpp(49): error C2248: 'Bonus::posicion' : no se puede obtener acceso al miembro private miembro declarado en la clase 'Bonus'
                 c:\users\aaron\desktop\2016\practicas\juego\include\dominio\bonus.h(10) : vea la declaración de 'Bonus::posicion'
                 c:\users\aaron\desktop\2016\practicas\juego\include\dominio\bonus.h(5) : vea la declaración de 'Bonus'
     1>c:\users\aaron\desktop\2016\practicas\juego\src\juego\mundo.cpp(50): error C2248: 'Bonus::posicion' : no se puede obtener acceso al miembro private miembro declarado en la clase 'Bonus'
                 c:\users\aaron\desktop\2016\practicas\juego\include\dominio\bonus.h(10) : vea la declaración de 'Bonus::posicion'
                 c:\users\aaron\desktop\2016\practicas\juego\include\dominio\bonus.h(5) : vea la declaración de 'Bonus'
     1>c:\users\aaron\desktop\2016\practicas\juego\src\juego\mundo.cpp(53): error C2248: 'Balon::posicion' : no se puede obtener acceso al miembro private miembro declarado en la clase 'Balon'
                 c:\users\aaron\desktop\2016\practicas\juego\include\dominio\balon.h(10) : vea la declaración de 'Balon::posicion'
                 c:\users\aaron\desktop\2016\practicas\juego\include\dominio\balon.h(5) : vea la declaración de 'Balon'
     1>c:\users\aaron\desktop\2016\practicas\juego\src\juego\mundo.cpp(54): error C2248: 'Balon::posicion' : no se puede obtener acceso al miembro private miembro declarado en la clase 'Balon'
                 c:\users\aaron\desktop\2016\practicas\juego\include\dominio\balon.h(10) : vea la declaración de 'Balon::posicion'
                 c:\users\aaron\desktop\2016\practicas\juego\include\dominio\balon.h(5) : vea la declaración de 'Balon'
         Generando código...
         Compilando...
         Bonus.cpp
         Generando código...
         Compilando...
         Hombre.cpp
         Generando código...
         Omitiendo... (no se detectaron cambios relevantes)
         Juego.cpp
     1>Compilación del proyecto terminada "C:\Users\Aaron\Desktop\2016\Practicas\Juego\Pang.vcxproj" (Build destinos) -- ERROR.

ERROR al compilar.

Tiempo transcurrido 00:00:00.73
